<?xml version="1.0" encoding="UTF-8"?>
<!-- Generated by org.testng.reporters.JUnitReportReporter -->
<testsuite hostname="Abhinys-MacBook-Pro.local" failures="0" tests="3" name="testNGSessions.AmazonTestWithBeforeAfterMetods" time="14.726" errors="0" timestamp="2023-11-20T12:21:18 CST" skipped="0">
  <testcase classname="testNGSessions.AmazonTestWithBeforeAfterMetods" name="loginPageTest" time="5.477"/>
  <system-out/>
  <testcase classname="testNGSessions.AmazonTestWithBeforeAfterMetods" name="pageTitleTest" time="4.499"/>
  <system-out/>
  <testcase classname="testNGSessions.AmazonTestWithBeforeAfterMetods" name="searchPageExistsTest" time="4.750"/>
  <system-out/>
</testsuite> <!-- testNGSessions.AmazonTestWithBeforeAfterMetods -->
