<?xml version="1.0" encoding="UTF-8"?>
<!-- Generated by org.testng.reporters.JUnitReportReporter -->
<testsuite hostname="Abhinys-MacBook-Pro.local" failures="0" tests="3" name="testNGSessions.AmazonTest" time="1.182" errors="0" timestamp="2023-11-22T12:37:47 CST" skipped="0">
  <testcase classname="testNGSessions.AmazonTest" name="pageTitleTest" time="0.018"/>
  <system-out/>
  <testcase classname="testNGSessions.AmazonTest" name="searchPageExistsTest" time="0.075"/>
  <system-out/>
  <testcase classname="testNGSessions.AmazonTest" name="loginPageTest" time="1.089"/>
  <system-out/>
</testsuite> <!-- testNGSessions.AmazonTest -->
