<?xml version="1.0" encoding="UTF-8"?>
<!-- Generated by org.testng.reporters.JUnitReportReporter -->
<testsuite hostname="Abhinys-MacBook-Pro.local" failures="0" tests="4" name="testNGSessions.DataProviderTestLearning" time="22.504" errors="0" timestamp="2023-11-21T09:28:55 CST" skipped="0">
  <testcase classname="testNGSessions.DataProviderTestLearning" name="loginTest" time="4.898"/>
  <system-out/>
  <testcase classname="testNGSessions.DataProviderTestLearning" name="loginTest" time="7.446"/>
  <system-out/>
  <testcase classname="testNGSessions.DataProviderTestLearning" name="loginTest" time="5.261"/>
  <system-out/>
  <testcase classname="testNGSessions.DataProviderTestLearning" name="loginTest" time="4.899"/>
  <system-out/>
</testsuite> <!-- testNGSessions.DataProviderTestLearning -->
