<?xml version="1.0" encoding="UTF-8"?>
<!-- Generated by org.testng.reporters.JUnitReportReporter -->
<testsuite hostname="Abhinys-MacBook-Pro.local" failures="0" tests="4" name="testNGSessions.loginPageTest" time="8.819" errors="0" timestamp="2023-11-16T17:26:15 CST" skipped="0">
  <testcase classname="testNGSessions.loginPageTest" name="loginPageTestCostco" time="4.963"/>
  <system-out/>
  <testcase classname="testNGSessions.loginPageTest" name="loginPageValidation" time="3.852"/>
  <system-out/>
  <testcase classname="testNGSessions.loginPageTest" name="openBrowserLaunchUrl" time="0.003"/>
  <system-out/>
  <testcase classname="testNGSessions.loginPageTest" name="openBrowser" time="0.001"/>
  <system-out/>
</testsuite> <!-- testNGSessions.loginPageTest -->
