<?xml version="1.0" encoding="UTF-8"?>
<!-- Generated by org.testng.reporters.JUnitReportReporter -->
<testsuite hostname="Abhinys-MacBook-Pro.local" failures="0" tests="2" name="testNGSessions.loginCostcoTest" time="17.036" errors="0" timestamp="2023-11-22T10:35:12 CST" skipped="0">
  <testcase classname="testNGSessions.loginCostcoTest" name="loginPageTestCostco" time="7.718"/>
  <system-out/>
  <testcase classname="testNGSessions.loginCostcoTest" name="loginPageValidation" time="9.318"/>
  <system-out/>
</testsuite> <!-- testNGSessions.loginCostcoTest -->
